<?xml version="1.0" encoding="UTF-8"?>
<!-- Generated by org.testng.reporters.JUnitXMLReporter -->
<testsuite ignored="0" hostname="DESKTOP-6RNNSA7" failures="0" tests="8" name="Default test" time="22.971" errors="0" timestamp="2025-02-20T21:37:55 IST">
  <testcase classname="test.Herokuapp_test" name="HealthCheck" time="5.957"/>
  <testcase classname="test.Herokuapp_test" name="auth_token" time="3.885"/>
  <testcase classname="test.Herokuapp_test" name="creatBooking" time="3.869"/>
  <testcase classname="test.Herokuapp_test" name="getBookingviaID" time="1.998"/>
  <testcase classname="test.Herokuapp_test" name="updateBooking" time="1.781"/>
  <testcase classname="test.Herokuapp_test" name="patchUpdate" time="1.763"/>
  <testcase classname="test.Herokuapp_test" name="delete" time="1.464"/>
  <testcase classname="test.Herokuapp_test" name="getbookings" time="2.119"/>
</testsuite> <!-- Default test -->
