<?xml version="1.0" encoding="UTF-8"?>
<!-- Generated by org.testng.reporters.JUnitXMLReporter -->
<testsuite ignored="0" hostname="DESKTOP-6RNNSA7" failures="0" tests="8" name="Default test" time="26.262" errors="0" timestamp="2025-02-21T16:11:46 IST">
  <testcase classname="test.Herokuapp_test" name="HealthCheck" time="2.978"/>
  <testcase classname="test.Herokuapp_test" name="auth_token" time="2.952"/>
  <testcase classname="test.Herokuapp_test" name="creatBooking" time="5.734"/>
  <testcase classname="test.Herokuapp_test" name="getBookingviaID" time="2.008"/>
  <testcase classname="test.Herokuapp_test" name="updateBooking" time="1.817"/>
  <testcase classname="test.Herokuapp_test" name="patchUpdate" time="1.935"/>
  <testcase classname="test.Herokuapp_test" name="delete" time="1.554"/>
  <testcase classname="test.Herokuapp_test" name="getbookings" time="1.632"/>
</testsuite> <!-- Default test -->
