<?xml version="1.0" encoding="UTF-8"?>
<!-- Generated by org.testng.reporters.JUnitXMLReporter -->
<testsuite ignored="0" hostname="DESKTOP-6RNNSA7" failures="0" tests="8" name="Test" time="20.623" errors="0" timestamp="2025-02-20T21:51:49 IST">
  <testcase classname="test.Herokuapp_test" name="HealthCheck" time="5.872"/>
  <testcase classname="test.Herokuapp_test" name="auth_token" time="2.803"/>
  <testcase classname="test.Herokuapp_test" name="creatBooking" time="2.999"/>
  <testcase classname="test.Herokuapp_test" name="getBookingviaID" time="1.773"/>
  <testcase classname="test.Herokuapp_test" name="updateBooking" time="1.695"/>
  <testcase classname="test.Herokuapp_test" name="patchUpdate" time="2.007"/>
  <testcase classname="test.Herokuapp_test" name="delete" time="1.454"/>
  <testcase classname="test.Herokuapp_test" name="getbookings" time="1.525"/>
</testsuite> <!-- Test -->
