<?xml version="1.0" encoding="UTF-8"?>
<!-- Generated by org.testng.reporters.JUnitXMLReporter -->
<testsuite ignored="0" hostname="DESKTOP-6RNNSA7" failures="0" tests="8" name="Test" time="19.997" errors="0" timestamp="2025-02-21T11:43:12 IST">
  <testcase classname="test.Herokuapp_test" name="HealthCheck" time="5.57"/>
  <testcase classname="test.Herokuapp_test" name="auth_token" time="2.841"/>
  <testcase classname="test.Herokuapp_test" name="creatBooking" time="3.06"/>
  <testcase classname="test.Herokuapp_test" name="getBookingviaID" time="1.675"/>
  <testcase classname="test.Herokuapp_test" name="updateBooking" time="1.681"/>
  <testcase classname="test.Herokuapp_test" name="patchUpdate" time="1.684"/>
  <testcase classname="test.Herokuapp_test" name="delete" time="1.422"/>
  <testcase classname="test.Herokuapp_test" name="getbookings" time="1.536"/>
</testsuite> <!-- Test -->
