<?xml version="1.0" encoding="UTF-8"?>
<testng-results ignored="0" total="8" passed="8" failed="0" skipped="0">
  <reporter-output>
  </reporter-output>
  <suite started-at="2025-02-21T15:10:28 IST" name="Suite" finished-at="2025-02-21T15:10:49 IST" duration-ms="20586">
    <groups>
    </groups>
    <test started-at="2025-02-21T15:10:28 IST" name="Test" finished-at="2025-02-21T15:10:49 IST" duration-ms="20586">
      <class name="test.Herokuapp_test">
        <test-method signature="HealthCheck()[pri:1, instance:test.Herokuapp_test@61862a7f]" started-at="2025-02-21T15:10:28 IST" name="HealthCheck" description="Test case to check health of the API " finished-at="2025-02-21T15:10:35 IST" duration-ms="6208" status="PASS">
          <reporter-output>
          </reporter-output>
        </test-method> <!-- HealthCheck -->
        <test-method signature="auth_token()[pri:2, instance:test.Herokuapp_test@61862a7f]" started-at="2025-02-21T15:10:35 IST" name="auth_token" description="Generate auth token " finished-at="2025-02-21T15:10:37 IST" duration-ms="2763" status="PASS">
          <reporter-output>
          </reporter-output>
        </test-method> <!-- auth_token -->
        <test-method signature="creatBooking()[pri:3, instance:test.Herokuapp_test@61862a7f]" started-at="2025-02-21T15:10:37 IST" name="creatBooking" description="Creating booking " finished-at="2025-02-21T15:10:40 IST" duration-ms="2647" status="PASS">
          <reporter-output>
          </reporter-output>
        </test-method> <!-- creatBooking -->
        <test-method signature="getBookingviaID()[pri:4, instance:test.Herokuapp_test@61862a7f]" started-at="2025-02-21T15:10:40 IST" name="getBookingviaID" description="Get booking via ID " finished-at="2025-02-21T15:10:42 IST" duration-ms="1649" status="PASS">
          <reporter-output>
          </reporter-output>
        </test-method> <!-- getBookingviaID -->
        <test-method signature="updateBooking()[pri:5, instance:test.Herokuapp_test@61862a7f]" started-at="2025-02-21T15:10:42 IST" name="updateBooking" description="Update the booking it required token also depenedcy on case 1 " finished-at="2025-02-21T15:10:43 IST" duration-ms="1602" status="PASS">
          <reporter-output>
          </reporter-output>
        </test-method> <!-- updateBooking -->
        <test-method signature="patchUpdate()[pri:6, instance:test.Herokuapp_test@61862a7f]" started-at="2025-02-21T15:10:43 IST" name="patchUpdate" description="Patch update partial update" finished-at="2025-02-21T15:10:45 IST" duration-ms="1609" status="PASS">
          <reporter-output>
          </reporter-output>
        </test-method> <!-- patchUpdate -->
        <test-method signature="delete()[pri:7, instance:test.Herokuapp_test@61862a7f]" started-at="2025-02-21T15:10:45 IST" name="delete" description="deleting the request " finished-at="2025-02-21T15:10:46 IST" duration-ms="1445" status="PASS">
          <reporter-output>
          </reporter-output>
        </test-method> <!-- delete -->
        <test-method signature="getbookings()[pri:8, instance:test.Herokuapp_test@61862a7f]" started-at="2025-02-21T15:10:46 IST" name="getbookings" description="deleting the request " finished-at="2025-02-21T15:10:49 IST" duration-ms="2330" status="PASS">
          <reporter-output>
          </reporter-output>
        </test-method> <!-- getbookings -->
      </class> <!-- test.Herokuapp_test -->
    </test> <!-- Test -->
  </suite> <!-- Suite -->
</testng-results>
