<?xml version="1.0" encoding="UTF-8"?>
<testng-results ignored="0" total="8" passed="8" failed="0" skipped="0">
  <reporter-output>
  </reporter-output>
  <suite started-at="2025-02-21T16:11:20 IST" name="Default suite" finished-at="2025-02-21T16:11:46 IST" duration-ms="26262">
    <groups>
    </groups>
    <test started-at="2025-02-21T16:11:20 IST" name="Default test" finished-at="2025-02-21T16:11:46 IST" duration-ms="26262">
      <class name="test.Herokuapp_test">
        <test-method is-config="true" signature="HealthCheck()[pri:0, instance:test.Herokuapp_test@8519cb4]" started-at="2025-02-21T16:11:20 IST" name="HealthCheck" finished-at="2025-02-21T16:11:25 IST" duration-ms="5558" status="PASS">
          <reporter-output>
          </reporter-output>
        </test-method> <!-- HealthCheck -->
        <test-method signature="HealthCheck()[pri:1, instance:test.Herokuapp_test@8519cb4]" started-at="2025-02-21T16:11:25 IST" name="HealthCheck" description="Test case to check health of the API " finished-at="2025-02-21T16:11:28 IST" duration-ms="2978" status="PASS">
          <reporter-output>
          </reporter-output>
        </test-method> <!-- HealthCheck -->
        <test-method signature="auth_token()[pri:2, instance:test.Herokuapp_test@8519cb4]" started-at="2025-02-21T16:11:28 IST" name="auth_token" description="Generate auth token " finished-at="2025-02-21T16:11:31 IST" depends-on-methods="test.Herokuapp_test.HealthCheck" duration-ms="2952" status="PASS">
          <reporter-output>
          </reporter-output>
        </test-method> <!-- auth_token -->
        <test-method signature="creatBooking()[pri:3, instance:test.Herokuapp_test@8519cb4]" started-at="2025-02-21T16:11:31 IST" name="creatBooking" description="Creating booking " finished-at="2025-02-21T16:11:37 IST" depends-on-methods="test.Herokuapp_test.HealthCheck, test.Herokuapp_test.auth_token" duration-ms="5734" status="PASS">
          <reporter-output>
          </reporter-output>
        </test-method> <!-- creatBooking -->
        <test-method signature="getBookingviaID()[pri:4, instance:test.Herokuapp_test@8519cb4]" started-at="2025-02-21T16:11:37 IST" name="getBookingviaID" description="Get booking via ID " finished-at="2025-02-21T16:11:39 IST" depends-on-methods="test.Herokuapp_test.HealthCheck, test.Herokuapp_test.creatBooking" duration-ms="2008" status="PASS">
          <reporter-output>
          </reporter-output>
        </test-method> <!-- getBookingviaID -->
        <test-method signature="updateBooking()[pri:5, instance:test.Herokuapp_test@8519cb4]" started-at="2025-02-21T16:11:39 IST" name="updateBooking" description="Update the booking it required token also depenedcy on case 1 " finished-at="2025-02-21T16:11:41 IST" depends-on-methods="test.Herokuapp_test.creatBooking" duration-ms="1817" status="PASS">
          <reporter-output>
          </reporter-output>
        </test-method> <!-- updateBooking -->
        <test-method signature="patchUpdate()[pri:6, instance:test.Herokuapp_test@8519cb4]" started-at="2025-02-21T16:11:41 IST" name="patchUpdate" description="Patch update partial update" finished-at="2025-02-21T16:11:43 IST" depends-on-methods="test.Herokuapp_test.creatBooking" duration-ms="1935" status="PASS">
          <reporter-output>
          </reporter-output>
        </test-method> <!-- patchUpdate -->
        <test-method signature="delete()[pri:7, instance:test.Herokuapp_test@8519cb4]" started-at="2025-02-21T16:11:43 IST" name="delete" description="deleting the request " finished-at="2025-02-21T16:11:44 IST" depends-on-methods="test.Herokuapp_test.creatBooking" duration-ms="1554" status="PASS">
          <reporter-output>
          </reporter-output>
        </test-method> <!-- delete -->
        <test-method signature="getbookings()[pri:8, instance:test.Herokuapp_test@8519cb4]" started-at="2025-02-21T16:11:44 IST" name="getbookings" description="All bookings from the request  " finished-at="2025-02-21T16:11:46 IST" duration-ms="1632" status="PASS">
          <reporter-output>
          </reporter-output>
        </test-method> <!-- getbookings -->
      </class> <!-- test.Herokuapp_test -->
    </test> <!-- Default test -->
  </suite> <!-- Default suite -->
</testng-results>
