<?xml version="1.0" encoding="UTF-8"?>
<testng-results ignored="0" total="8" passed="8" failed="0" skipped="0">
  <reporter-output>
  </reporter-output>
  <suite started-at="2025-02-20T21:51:28 IST" name="Suite" finished-at="2025-02-20T21:51:49 IST" duration-ms="20623">
    <groups>
    </groups>
    <test started-at="2025-02-20T21:51:28 IST" name="Test" finished-at="2025-02-20T21:51:49 IST" duration-ms="20623">
      <class name="test.Herokuapp_test">
        <test-method signature="HealthCheck()[pri:1, instance:test.Herokuapp_test@6e6f2380]" started-at="2025-02-20T21:51:29 IST" name="HealthCheck" description="Test case to check health of the API " finished-at="2025-02-20T21:51:34 IST" duration-ms="5872" status="PASS">
          <reporter-output>
          </reporter-output>
        </test-method> <!-- HealthCheck -->
        <test-method signature="auth_token()[pri:2, instance:test.Herokuapp_test@6e6f2380]" started-at="2025-02-20T21:51:34 IST" name="auth_token" description="Generate auth token " finished-at="2025-02-20T21:51:37 IST" duration-ms="2803" status="PASS">
          <reporter-output>
          </reporter-output>
        </test-method> <!-- auth_token -->
        <test-method signature="creatBooking()[pri:3, instance:test.Herokuapp_test@6e6f2380]" started-at="2025-02-20T21:51:37 IST" name="creatBooking" description="Creating booking " finished-at="2025-02-20T21:51:40 IST" duration-ms="2999" status="PASS">
          <reporter-output>
          </reporter-output>
        </test-method> <!-- creatBooking -->
        <test-method signature="getBookingviaID()[pri:4, instance:test.Herokuapp_test@6e6f2380]" started-at="2025-02-20T21:51:40 IST" name="getBookingviaID" description="Get booking via ID " finished-at="2025-02-20T21:51:42 IST" duration-ms="1773" status="PASS">
          <reporter-output>
          </reporter-output>
        </test-method> <!-- getBookingviaID -->
        <test-method signature="updateBooking()[pri:5, instance:test.Herokuapp_test@6e6f2380]" started-at="2025-02-20T21:51:42 IST" name="updateBooking" description="Update the booking it required token also depenedcy on case 1 " finished-at="2025-02-20T21:51:44 IST" duration-ms="1695" status="PASS">
          <reporter-output>
          </reporter-output>
        </test-method> <!-- updateBooking -->
        <test-method signature="patchUpdate()[pri:6, instance:test.Herokuapp_test@6e6f2380]" started-at="2025-02-20T21:51:44 IST" name="patchUpdate" description="Patch update partial update" finished-at="2025-02-20T21:51:46 IST" duration-ms="2007" status="PASS">
          <reporter-output>
          </reporter-output>
        </test-method> <!-- patchUpdate -->
        <test-method signature="delete()[pri:7, instance:test.Herokuapp_test@6e6f2380]" started-at="2025-02-20T21:51:46 IST" name="delete" description="deleting the request " finished-at="2025-02-20T21:51:47 IST" duration-ms="1454" status="PASS">
          <reporter-output>
          </reporter-output>
        </test-method> <!-- delete -->
        <test-method signature="getbookings()[pri:8, instance:test.Herokuapp_test@6e6f2380]" started-at="2025-02-20T21:51:47 IST" name="getbookings" description="deleting the request " finished-at="2025-02-20T21:51:49 IST" duration-ms="1525" status="PASS">
          <reporter-output>
          </reporter-output>
        </test-method> <!-- getbookings -->
      </class> <!-- test.Herokuapp_test -->
    </test> <!-- Test -->
  </suite> <!-- Suite -->
</testng-results>
